0:0:0:0:0:0:0:1 - - [15/Dec/2020:11:44:16 +0800] "GET /nacos/ HTTP/1.1" 200 2624 135 Mozilla/5.0 (Windows NT 10.0; Win64; x64) AppleWebKit/537.36 (KHTML, like Gecko) Chrome/87.0.4280.88 Safari/537.36 -
0:0:0:0:0:0:0:1 - - [15/Dec/2020:11:44:16 +0800] "GET /nacos/console-fe/public/css/icon.css HTTP/1.1" 200 5176 44 Mozilla/5.0 (Windows NT 10.0; Win64; x64) AppleWebKit/537.36 (KHTML, like Gecko) Chrome/87.0.4280.88 Safari/537.36 -
0:0:0:0:0:0:0:1 - - [15/Dec/2020:11:44:16 +0800] "GET /nacos/console-fe/public/css/codemirror.css HTTP/1.1" 200 8858 47 Mozilla/5.0 (Windows NT 10.0; Win64; x64) AppleWebKit/537.36 (KHTML, like Gecko) Chrome/87.0.4280.88 Safari/537.36 -
0:0:0:0:0:0:0:1 - - [15/Dec/2020:11:44:16 +0800] "GET /nacos/console-fe/public/css/merge.css HTTP/1.1" 200 3866 49 Mozilla/5.0 (Windows NT 10.0; Win64; x64) AppleWebKit/537.36 (KHTML, like Gecko) Chrome/87.0.4280.88 Safari/537.36 -
0:0:0:0:0:0:0:1 - - [15/Dec/2020:11:44:16 +0800] "GET /nacos/console-fe/public/css/font-awesome.css HTTP/1.1" 200 33850 47 Mozilla/5.0 (Windows NT 10.0; Win64; x64) AppleWebKit/537.36 (KHTML, like Gecko) Chrome/87.0.4280.88 Safari/537.36 -
0:0:0:0:0:0:0:1 - - [15/Dec/2020:11:44:16 +0800] "GET /nacos/console-fe/public/css/console1412.css HTTP/1.1" 200 156959 55 Mozilla/5.0 (Windows NT 10.0; Win64; x64) AppleWebKit/537.36 (KHTML, like Gecko) Chrome/87.0.4280.88 Safari/537.36 -
0:0:0:0:0:0:0:1 - - [15/Dec/2020:11:44:16 +0800] "GET /nacos/console-fe/public/css/bootstrap.css HTTP/1.1" 200 123294 55 Mozilla/5.0 (Windows NT 10.0; Win64; x64) AppleWebKit/537.36 (KHTML, like Gecko) Chrome/87.0.4280.88 Safari/537.36 -
0:0:0:0:0:0:0:1 - - [15/Dec/2020:11:44:16 +0800] "GET /nacos/css/main.css HTTP/1.1" 200 451206 17 Mozilla/5.0 (Windows NT 10.0; Win64; x64) AppleWebKit/537.36 (KHTML, like Gecko) Chrome/87.0.4280.88 Safari/537.36 -
0:0:0:0:0:0:0:1 - - [15/Dec/2020:11:44:16 +0800] "GET /nacos/console-fe/public/js/codemirror.addone.fullscreen.js HTTP/1.1" 304 - 9 Mozilla/5.0 (Windows NT 10.0; Win64; x64) AppleWebKit/537.36 (KHTML, like Gecko) Chrome/87.0.4280.88 Safari/537.36 -
0:0:0:0:0:0:0:1 - - [15/Dec/2020:11:44:16 +0800] "GET /nacos/console-fe/public/js/codemirror.js HTTP/1.1" 304 - 20 Mozilla/5.0 (Windows NT 10.0; Win64; x64) AppleWebKit/537.36 (KHTML, like Gecko) Chrome/87.0.4280.88 Safari/537.36 -
0:0:0:0:0:0:0:1 - - [15/Dec/2020:11:44:16 +0800] "GET /nacos/console-fe/public/js/jquery.js HTTP/1.1" 304 - 20 Mozilla/5.0 (Windows NT 10.0; Win64; x64) AppleWebKit/537.36 (KHTML, like Gecko) Chrome/87.0.4280.88 Safari/537.36 -
0:0:0:0:0:0:0:1 - - [15/Dec/2020:11:44:16 +0800] "GET /nacos/console-fe/public/js/javascript.js HTTP/1.1" 304 - 20 Mozilla/5.0 (Windows NT 10.0; Win64; x64) AppleWebKit/537.36 (KHTML, like Gecko) Chrome/87.0.4280.88 Safari/537.36 -
0:0:0:0:0:0:0:1 - - [15/Dec/2020:11:44:16 +0800] "GET /nacos/console-fe/public/js/xml.js HTTP/1.1" 304 - 14 Mozilla/5.0 (Windows NT 10.0; Win64; x64) AppleWebKit/537.36 (KHTML, like Gecko) Chrome/87.0.4280.88 Safari/537.36 -
0:0:0:0:0:0:0:1 - - [15/Dec/2020:11:44:16 +0800] "GET /nacos/console-fe/public/js/codemirror.addone.lint.js HTTP/1.1" 304 - 10 Mozilla/5.0 (Windows NT 10.0; Win64; x64) AppleWebKit/537.36 (KHTML, like Gecko) Chrome/87.0.4280.88 Safari/537.36 -
0:0:0:0:0:0:0:1 - - [15/Dec/2020:11:44:16 +0800] "GET /nacos/console-fe/public/js/codemirror.lib.json-lint.js HTTP/1.1" 304 - 10 Mozilla/5.0 (Windows NT 10.0; Win64; x64) AppleWebKit/537.36 (KHTML, like Gecko) Chrome/87.0.4280.88 Safari/537.36 -
0:0:0:0:0:0:0:1 - - [15/Dec/2020:11:44:16 +0800] "GET /nacos/console-fe/public/js/merge.js HTTP/1.1" 304 - 6 Mozilla/5.0 (Windows NT 10.0; Win64; x64) AppleWebKit/537.36 (KHTML, like Gecko) Chrome/87.0.4280.88 Safari/537.36 -
0:0:0:0:0:0:0:1 - - [15/Dec/2020:11:44:16 +0800] "GET /nacos/console-fe/public/js/diff_match_patch.js HTTP/1.1" 304 - 7 Mozilla/5.0 (Windows NT 10.0; Win64; x64) AppleWebKit/537.36 (KHTML, like Gecko) Chrome/87.0.4280.88 Safari/537.36 -
0:0:0:0:0:0:0:1 - - [15/Dec/2020:11:44:16 +0800] "GET /nacos/console-fe/public/js/loader.js HTTP/1.1" 304 - 5 Mozilla/5.0 (Windows NT 10.0; Win64; x64) AppleWebKit/537.36 (KHTML, like Gecko) Chrome/87.0.4280.88 Safari/537.36 -
0:0:0:0:0:0:0:1 - - [15/Dec/2020:11:44:16 +0800] "GET /nacos/console-fe/public/js/codemirror.lib.clike-lint.js HTTP/1.1" 304 - 11 Mozilla/5.0 (Windows NT 10.0; Win64; x64) AppleWebKit/537.36 (KHTML, like Gecko) Chrome/87.0.4280.88 Safari/537.36 -
0:0:0:0:0:0:0:1 - - [15/Dec/2020:11:44:16 +0800] "GET /nacos/console-fe/public/js/codemirror.addone.json-lint.js HTTP/1.1" 304 - 13 Mozilla/5.0 (Windows NT 10.0; Win64; x64) AppleWebKit/537.36 (KHTML, like Gecko) Chrome/87.0.4280.88 Safari/537.36 -
0:0:0:0:0:0:0:1 - - [15/Dec/2020:11:44:16 +0800] "GET /nacos/js/main.js HTTP/1.1" 304 - 4 Mozilla/5.0 (Windows NT 10.0; Win64; x64) AppleWebKit/537.36 (KHTML, like Gecko) Chrome/87.0.4280.88 Safari/537.36 -
0:0:0:0:0:0:0:1 - - [15/Dec/2020:11:44:16 +0800] "GET /nacos/console-fe/public/js/vs/editor/editor.main.js HTTP/1.1" 200 1824087 16 Mozilla/5.0 (Windows NT 10.0; Win64; x64) AppleWebKit/537.36 (KHTML, like Gecko) Chrome/87.0.4280.88 Safari/537.36 -
0:0:0:0:0:0:0:1 - - [15/Dec/2020:11:44:16 +0800] "GET /nacos/img/logo-2000-390.svg HTTP/1.1" 304 - 5 Mozilla/5.0 (Windows NT 10.0; Win64; x64) AppleWebKit/537.36 (KHTML, like Gecko) Chrome/87.0.4280.88 Safari/537.36 -
0:0:0:0:0:0:0:1 - - [15/Dec/2020:11:44:16 +0800] "GET /nacos/v1/console/server/state?accessToken=eyJhbGciOiJIUzI1NiJ9.eyJzdWIiOiJuYWNvcyIsImV4cCI6MTYwNjM3MjAyOH0.zyRmqCF0WlmIMi3olsLdAK-rsTlzxiiBHBs1oBc7pVw HTTP/1.1" 200 82 16 Mozilla/5.0 (Windows NT 10.0; Win64; x64) AppleWebKit/537.36 (KHTML, like Gecko) Chrome/87.0.4280.88 Safari/537.36 -
0:0:0:0:0:0:0:1 - - [15/Dec/2020:11:44:16 +0800] "GET /nacos/v1/console/namespaces?accessToken=eyJhbGciOiJIUzI1NiJ9.eyJzdWIiOiJuYWNvcyIsImV4cCI6MTYwNjM3MjAyOH0.zyRmqCF0WlmIMi3olsLdAK-rsTlzxiiBHBs1oBc7pVw HTTP/1.1" 200 255 21 Mozilla/5.0 (Windows NT 10.0; Win64; x64) AppleWebKit/537.36 (KHTML, like Gecko) Chrome/87.0.4280.88 Safari/537.36 -
0:0:0:0:0:0:0:1 - - [15/Dec/2020:11:44:16 +0800] "GET /nacos/v1/auth/permissions?pageNo=1&pageSize=9&accessToken=eyJhbGciOiJIUzI1NiJ9.eyJzdWIiOiJuYWNvcyIsImV4cCI6MTYwNjM3MjAyOH0.zyRmqCF0WlmIMi3olsLdAK-rsTlzxiiBHBs1oBc7pVw HTTP/1.1" 200 76 31 Mozilla/5.0 (Windows NT 10.0; Win64; x64) AppleWebKit/537.36 (KHTML, like Gecko) Chrome/87.0.4280.88 Safari/537.36 -
0:0:0:0:0:0:0:1 - - [15/Dec/2020:11:44:16 +0800] "GET /nacos/v1/console/namespaces?accessToken=eyJhbGciOiJIUzI1NiJ9.eyJzdWIiOiJuYWNvcyIsImV4cCI6MTYwNjM3MjAyOH0.zyRmqCF0WlmIMi3olsLdAK-rsTlzxiiBHBs1oBc7pVw HTTP/1.1" 200 255 5 Mozilla/5.0 (Windows NT 10.0; Win64; x64) AppleWebKit/537.36 (KHTML, like Gecko) Chrome/87.0.4280.88 Safari/537.36 -
0:0:0:0:0:0:0:1 - - [15/Dec/2020:11:44:16 +0800] "GET /nacos/console-fe/public/icons/icon-font.woff2 HTTP/1.1" 404 177 52 Mozilla/5.0 (Windows NT 10.0; Win64; x64) AppleWebKit/537.36 (KHTML, like Gecko) Chrome/87.0.4280.88 Safari/537.36 -
0:0:0:0:0:0:0:1 - - [15/Dec/2020:11:44:16 +0800] "GET /nacos/console-fe/public/js/vs/editor/editor.main.nls.zh-cn.js HTTP/1.1" 200 22864 8 Mozilla/5.0 (Windows NT 10.0; Win64; x64) AppleWebKit/537.36 (KHTML, like Gecko) Chrome/87.0.4280.88 Safari/537.36 -
0:0:0:0:0:0:0:1 - - [15/Dec/2020:11:44:16 +0800] "GET /nacos/console-fe/public/js/vs/editor/editor.main.css HTTP/1.1" 200 172199 21 Mozilla/5.0 (Windows NT 10.0; Win64; x64) AppleWebKit/537.36 (KHTML, like Gecko) Chrome/87.0.4280.88 Safari/537.36 -
0:0:0:0:0:0:0:1 - - [15/Dec/2020:11:44:17 +0800] "GET /nacos/console-fe/public/icons/icon-font.woff HTTP/1.1" 304 - 7 Mozilla/5.0 (Windows NT 10.0; Win64; x64) AppleWebKit/537.36 (KHTML, like Gecko) Chrome/87.0.4280.88 Safari/537.36 -
0:0:0:0:0:0:0:1 - - [15/Dec/2020:11:44:17 +0800] "GET /nacos/console-fe/public/img/favicon.ico HTTP/1.1" 200 4286 5 Mozilla/5.0 (Windows NT 10.0; Win64; x64) AppleWebKit/537.36 (KHTML, like Gecko) Chrome/87.0.4280.88 Safari/537.36 -
