0:0:0:0:0:0:0:1 - - [30/Nov/2020:11:24:49 +0800] "GET /nacos/console-fe/public/css/font-awesome.css HTTP/1.1" 304 - 98 Mozilla/5.0 (Windows NT 10.0; Win64; x64) AppleWebKit/537.36 (KHTML, like Gecko) Chrome/87.0.4280.66 Safari/537.36 -
0:0:0:0:0:0:0:1 - - [30/Nov/2020:11:24:49 +0800] "GET /nacos/console-fe/public/css/bootstrap.css HTTP/1.1" 304 - 106 Mozilla/5.0 (Windows NT 10.0; Win64; x64) AppleWebKit/537.36 (KHTML, like Gecko) Chrome/87.0.4280.66 Safari/537.36 -
0:0:0:0:0:0:0:1 - - [30/Nov/2020:11:24:49 +0800] "GET /nacos/console-fe/public/css/console1412.css HTTP/1.1" 304 - 106 Mozilla/5.0 (Windows NT 10.0; Win64; x64) AppleWebKit/537.36 (KHTML, like Gecko) Chrome/87.0.4280.66 Safari/537.36 -
0:0:0:0:0:0:0:1 - - [30/Nov/2020:11:24:49 +0800] "GET /nacos/console-fe/public/css/merge.css HTTP/1.1" 304 - 99 Mozilla/5.0 (Windows NT 10.0; Win64; x64) AppleWebKit/537.36 (KHTML, like Gecko) Chrome/87.0.4280.66 Safari/537.36 -
0:0:0:0:0:0:0:1 - - [30/Nov/2020:11:24:49 +0800] "GET /nacos/console-fe/public/css/icon.css HTTP/1.1" 304 - 98 Mozilla/5.0 (Windows NT 10.0; Win64; x64) AppleWebKit/537.36 (KHTML, like Gecko) Chrome/87.0.4280.66 Safari/537.36 -
0:0:0:0:0:0:0:1 - - [30/Nov/2020:11:24:49 +0800] "GET /nacos/console-fe/public/css/codemirror.css HTTP/1.1" 304 - 106 Mozilla/5.0 (Windows NT 10.0; Win64; x64) AppleWebKit/537.36 (KHTML, like Gecko) Chrome/87.0.4280.66 Safari/537.36 -
0:0:0:0:0:0:0:1 - - [30/Nov/2020:11:24:49 +0800] "GET /nacos/css/main.css HTTP/1.1" 304 - 14 Mozilla/5.0 (Windows NT 10.0; Win64; x64) AppleWebKit/537.36 (KHTML, like Gecko) Chrome/87.0.4280.66 Safari/537.36 -
0:0:0:0:0:0:0:1 - - [30/Nov/2020:11:24:49 +0800] "GET /nacos/console-fe/public/js/codemirror.addone.fullscreen.js HTTP/1.1" 304 - 23 Mozilla/5.0 (Windows NT 10.0; Win64; x64) AppleWebKit/537.36 (KHTML, like Gecko) Chrome/87.0.4280.66 Safari/537.36 -
0:0:0:0:0:0:0:1 - - [30/Nov/2020:11:24:49 +0800] "GET /nacos/console-fe/public/js/jquery.js HTTP/1.1" 304 - 33 Mozilla/5.0 (Windows NT 10.0; Win64; x64) AppleWebKit/537.36 (KHTML, like Gecko) Chrome/87.0.4280.66 Safari/537.36 -
0:0:0:0:0:0:0:1 - - [30/Nov/2020:11:24:49 +0800] "GET /nacos/console-fe/public/js/javascript.js HTTP/1.1" 304 - 35 Mozilla/5.0 (Windows NT 10.0; Win64; x64) AppleWebKit/537.36 (KHTML, like Gecko) Chrome/87.0.4280.66 Safari/537.36 -
0:0:0:0:0:0:0:1 - - [30/Nov/2020:11:24:49 +0800] "GET /nacos/console-fe/public/js/codemirror.js HTTP/1.1" 304 - 40 Mozilla/5.0 (Windows NT 10.0; Win64; x64) AppleWebKit/537.36 (KHTML, like Gecko) Chrome/87.0.4280.66 Safari/537.36 -
0:0:0:0:0:0:0:1 - - [30/Nov/2020:11:24:49 +0800] "GET /nacos/console-fe/public/js/codemirror.addone.lint.js HTTP/1.1" 304 - 22 Mozilla/5.0 (Windows NT 10.0; Win64; x64) AppleWebKit/537.36 (KHTML, like Gecko) Chrome/87.0.4280.66 Safari/537.36 -
0:0:0:0:0:0:0:1 - - [30/Nov/2020:11:24:49 +0800] "GET /nacos/console-fe/public/js/xml.js HTTP/1.1" 304 - 43 Mozilla/5.0 (Windows NT 10.0; Win64; x64) AppleWebKit/537.36 (KHTML, like Gecko) Chrome/87.0.4280.66 Safari/537.36 -
0:0:0:0:0:0:0:1 - - [30/Nov/2020:11:24:49 +0800] "GET /nacos/console-fe/public/js/codemirror.lib.clike-lint.js HTTP/1.1" 304 - 17 Mozilla/5.0 (Windows NT 10.0; Win64; x64) AppleWebKit/537.36 (KHTML, like Gecko) Chrome/87.0.4280.66 Safari/537.36 -
0:0:0:0:0:0:0:1 - - [30/Nov/2020:11:24:49 +0800] "GET /nacos/console-fe/public/js/codemirror.lib.json-lint.js HTTP/1.1" 304 - 24 Mozilla/5.0 (Windows NT 10.0; Win64; x64) AppleWebKit/537.36 (KHTML, like Gecko) Chrome/87.0.4280.66 Safari/537.36 -
0:0:0:0:0:0:0:1 - - [30/Nov/2020:11:24:49 +0800] "GET /nacos/console-fe/public/js/diff_match_patch.js HTTP/1.1" 304 - 12 Mozilla/5.0 (Windows NT 10.0; Win64; x64) AppleWebKit/537.36 (KHTML, like Gecko) Chrome/87.0.4280.66 Safari/537.36 -
0:0:0:0:0:0:0:1 - - [30/Nov/2020:11:24:49 +0800] "GET /nacos/console-fe/public/js/codemirror.addone.json-lint.js HTTP/1.1" 304 - 30 Mozilla/5.0 (Windows NT 10.0; Win64; x64) AppleWebKit/537.36 (KHTML, like Gecko) Chrome/87.0.4280.66 Safari/537.36 -
0:0:0:0:0:0:0:1 - - [30/Nov/2020:11:24:49 +0800] "GET /nacos/console-fe/public/js/merge.js HTTP/1.1" 304 - 10 Mozilla/5.0 (Windows NT 10.0; Win64; x64) AppleWebKit/537.36 (KHTML, like Gecko) Chrome/87.0.4280.66 Safari/537.36 -
0:0:0:0:0:0:0:1 - - [30/Nov/2020:11:24:49 +0800] "GET /nacos/console-fe/public/js/loader.js HTTP/1.1" 304 - 15 Mozilla/5.0 (Windows NT 10.0; Win64; x64) AppleWebKit/537.36 (KHTML, like Gecko) Chrome/87.0.4280.66 Safari/537.36 -
0:0:0:0:0:0:0:1 - - [30/Nov/2020:11:24:49 +0800] "GET /nacos/js/main.js HTTP/1.1" 304 - 17 Mozilla/5.0 (Windows NT 10.0; Win64; x64) AppleWebKit/537.36 (KHTML, like Gecko) Chrome/87.0.4280.66 Safari/537.36 -
0:0:0:0:0:0:0:1 - - [30/Nov/2020:11:24:49 +0800] "GET /nacos/console-fe/public/js/vs/editor/editor.main.js HTTP/1.1" 304 - 14 Mozilla/5.0 (Windows NT 10.0; Win64; x64) AppleWebKit/537.36 (KHTML, like Gecko) Chrome/87.0.4280.66 Safari/537.36 -
0:0:0:0:0:0:0:1 - - [30/Nov/2020:11:24:49 +0800] "GET /nacos/v1/console/namespaces?&accessToken=eyJhbGciOiJIUzI1NiJ9.eyJzdWIiOiJuYWNvcyIsImV4cCI6MTYwNjM3MjAyOH0.zyRmqCF0WlmIMi3olsLdAK-rsTlzxiiBHBs1oBc7pVw&namespaceId= HTTP/1.1" 200 255 17 Mozilla/5.0 (Windows NT 10.0; Win64; x64) AppleWebKit/537.36 (KHTML, like Gecko) Chrome/87.0.4280.66 Safari/537.36 -
0:0:0:0:0:0:0:1 - - [30/Nov/2020:11:24:49 +0800] "GET /nacos/img/logo-2000-390.svg HTTP/1.1" 304 - 8 Mozilla/5.0 (Windows NT 10.0; Win64; x64) AppleWebKit/537.36 (KHTML, like Gecko) Chrome/87.0.4280.66 Safari/537.36 -
0:0:0:0:0:0:0:1 - - [30/Nov/2020:11:24:49 +0800] "GET /nacos/v1/console/server/state?accessToken=eyJhbGciOiJIUzI1NiJ9.eyJzdWIiOiJuYWNvcyIsImV4cCI6MTYwNjM3MjAyOH0.zyRmqCF0WlmIMi3olsLdAK-rsTlzxiiBHBs1oBc7pVw HTTP/1.1" 200 82 8 Mozilla/5.0 (Windows NT 10.0; Win64; x64) AppleWebKit/537.36 (KHTML, like Gecko) Chrome/87.0.4280.66 Safari/537.36 -
0:0:0:0:0:0:0:1 - - [30/Nov/2020:11:24:49 +0800] "GET /nacos/console-fe/public/icons/icon-font.woff2 HTTP/1.1" 404 177 27 Mozilla/5.0 (Windows NT 10.0; Win64; x64) AppleWebKit/537.36 (KHTML, like Gecko) Chrome/87.0.4280.66 Safari/537.36 -
0:0:0:0:0:0:0:1 - - [30/Nov/2020:11:24:49 +0800] "GET /nacos/console-fe/public/icons/icon-font.woff HTTP/1.1" 304 - 5 Mozilla/5.0 (Windows NT 10.0; Win64; x64) AppleWebKit/537.36 (KHTML, like Gecko) Chrome/87.0.4280.66 Safari/537.36 -
0:0:0:0:0:0:0:1 - - [30/Nov/2020:11:24:49 +0800] "GET /nacos/v1/ns/catalog/services?hasIpCount=false&withInstances=false&pageNo=1&pageSize=10&serviceNameParam=&groupNameParam=&accessToken=eyJhbGciOiJIUzI1NiJ9.eyJzdWIiOiJuYWNvcyIsImV4cCI6MTYwNjM3MjAyOH0.zyRmqCF0WlmIMi3olsLdAK-rsTlzxiiBHBs1oBc7pVw&namespaceId= HTTP/1.1" 200 39 17 Mozilla/5.0 (Windows NT 10.0; Win64; x64) AppleWebKit/537.36 (KHTML, like Gecko) Chrome/87.0.4280.66 Safari/537.36 -
0:0:0:0:0:0:0:1 - - [30/Nov/2020:11:24:49 +0800] "GET /nacos/console-fe/public/js/vs/editor/editor.main.css HTTP/1.1" 304 - 5 Mozilla/5.0 (Windows NT 10.0; Win64; x64) AppleWebKit/537.36 (KHTML, like Gecko) Chrome/87.0.4280.66 Safari/537.36 -
0:0:0:0:0:0:0:1 - - [30/Nov/2020:11:24:49 +0800] "GET /nacos/console-fe/public/js/vs/editor/editor.main.nls.zh-cn.js HTTP/1.1" 304 - 4 Mozilla/5.0 (Windows NT 10.0; Win64; x64) AppleWebKit/537.36 (KHTML, like Gecko) Chrome/87.0.4280.66 Safari/537.36 -
