2021-01-05 00:04:12,474 INFO PERFORMANCE:|4|6|-1|-1

2021-01-05 00:09:12,476 INFO PERFORMANCE:|4|6|-1|-1

2021-01-05 00:14:12,479 INFO PERFORMANCE:|4|6|-1|-1

2021-01-05 00:19:12,479 INFO PERFORMANCE:|4|6|-1|-1

2021-01-05 00:24:12,480 INFO PERFORMANCE:|4|6|-1|-1

2021-01-05 00:29:12,483 INFO PERFORMANCE:|4|6|-1|-1

2021-01-05 00:34:12,483 INFO PERFORMANCE:|4|6|-1|-1

2021-01-05 00:39:12,484 INFO PERFORMANCE:|4|6|-1|-1

2021-01-05 00:44:12,486 INFO PERFORMANCE:|4|6|-1|-1

2021-01-05 00:49:12,488 INFO PERFORMANCE:|4|6|-1|-1

2021-01-05 00:54:12,489 INFO PERFORMANCE:|4|6|-1|-1

2021-01-05 00:59:12,491 INFO PERFORMANCE:|4|6|-1|-1

2021-01-05 01:04:12,492 INFO PERFORMANCE:|4|6|-1|-1

2021-01-05 01:09:12,494 INFO PERFORMANCE:|4|6|-1|-1

2021-01-05 01:14:12,495 INFO PERFORMANCE:|4|6|-1|-1

2021-01-05 01:19:12,496 INFO PERFORMANCE:|4|6|-1|-1

2021-01-05 01:24:12,498 INFO PERFORMANCE:|4|6|-1|-1

2021-01-05 01:29:12,500 INFO PERFORMANCE:|4|6|-1|-1

2021-01-05 01:34:12,501 INFO PERFORMANCE:|4|6|-1|-1

2021-01-05 01:39:12,502 INFO PERFORMANCE:|4|6|-1|-1

2021-01-05 01:44:12,503 INFO PERFORMANCE:|4|6|-1|-1

2021-01-05 01:49:12,505 INFO PERFORMANCE:|4|6|-1|-1

2021-01-05 01:54:12,505 INFO PERFORMANCE:|4|6|-1|-1

2021-01-05 01:59:12,506 INFO PERFORMANCE:|4|6|-1|-1

2021-01-05 02:04:12,507 INFO PERFORMANCE:|4|6|-1|-1

2021-01-05 02:09:12,508 INFO PERFORMANCE:|4|6|-1|-1

2021-01-05 02:14:12,508 INFO PERFORMANCE:|4|6|-1|-1

2021-01-05 02:19:12,509 INFO PERFORMANCE:|4|6|-1|-1

2021-01-05 02:24:12,511 INFO PERFORMANCE:|4|6|-1|-1

2021-01-05 02:29:12,512 INFO PERFORMANCE:|4|6|-1|-1

2021-01-05 02:34:12,512 INFO PERFORMANCE:|4|6|-1|-1

2021-01-05 02:39:12,514 INFO PERFORMANCE:|4|6|-1|-1

2021-01-05 02:44:12,514 INFO PERFORMANCE:|4|6|-1|-1

2021-01-05 02:49:12,516 INFO PERFORMANCE:|4|6|-1|-1

2021-01-05 02:54:12,516 INFO PERFORMANCE:|4|6|-1|-1

2021-01-05 02:59:12,517 INFO PERFORMANCE:|4|6|-1|-1

2021-01-05 03:04:12,518 INFO PERFORMANCE:|4|6|-1|-1

2021-01-05 03:09:12,519 INFO PERFORMANCE:|4|6|-1|-1

2021-01-05 03:14:12,520 INFO PERFORMANCE:|4|6|-1|-1

2021-01-05 03:19:12,521 INFO PERFORMANCE:|4|6|-1|-1

2021-01-05 03:24:12,522 INFO PERFORMANCE:|4|6|-1|-1

2021-01-05 03:29:12,524 INFO PERFORMANCE:|4|6|-1|-1

2021-01-05 03:34:12,526 INFO PERFORMANCE:|4|6|-1|-1

2021-01-05 03:39:12,526 INFO PERFORMANCE:|4|6|-1|-1

2021-01-05 03:44:12,528 INFO PERFORMANCE:|4|6|-1|-1

2021-01-05 03:49:12,528 INFO PERFORMANCE:|4|6|-1|-1

2021-01-05 03:54:12,529 INFO PERFORMANCE:|4|6|-1|-1

2021-01-05 03:59:12,530 INFO PERFORMANCE:|4|6|-1|-1

2021-01-05 04:04:12,530 INFO PERFORMANCE:|4|6|-1|-1

2021-01-05 04:09:12,531 INFO PERFORMANCE:|4|6|-1|-1

2021-01-05 04:14:12,533 INFO PERFORMANCE:|4|6|-1|-1

2021-01-05 04:19:12,534 INFO PERFORMANCE:|4|6|-1|-1

2021-01-05 04:24:12,535 INFO PERFORMANCE:|4|6|-1|-1

2021-01-05 04:29:12,536 INFO PERFORMANCE:|4|6|-1|-1

2021-01-05 04:34:12,536 INFO PERFORMANCE:|4|6|-1|-1

2021-01-05 04:39:12,537 INFO PERFORMANCE:|4|6|-1|-1

2021-01-05 04:44:12,537 INFO PERFORMANCE:|4|6|-1|-1

2021-01-05 04:49:12,538 INFO PERFORMANCE:|4|6|-1|-1

2021-01-05 04:54:12,539 INFO PERFORMANCE:|4|6|-1|-1

2021-01-05 04:59:12,541 INFO PERFORMANCE:|4|6|-1|-1

2021-01-05 05:04:12,541 INFO PERFORMANCE:|4|6|-1|-1

2021-01-05 05:09:12,542 INFO PERFORMANCE:|4|6|-1|-1

2021-01-05 05:14:12,542 INFO PERFORMANCE:|4|6|-1|-1

2021-01-05 05:19:12,542 INFO PERFORMANCE:|4|6|-1|-1

2021-01-05 05:24:12,544 INFO PERFORMANCE:|4|6|-1|-1

2021-01-05 05:29:12,544 INFO PERFORMANCE:|4|6|-1|-1

2021-01-05 05:34:12,546 INFO PERFORMANCE:|4|6|-1|-1

2021-01-05 05:39:12,548 INFO PERFORMANCE:|4|6|-1|-1

2021-01-05 05:44:12,549 INFO PERFORMANCE:|4|6|-1|-1

2021-01-05 05:49:12,550 INFO PERFORMANCE:|4|6|-1|-1

2021-01-05 05:54:12,551 INFO PERFORMANCE:|4|6|-1|-1

2021-01-05 05:59:12,552 INFO PERFORMANCE:|4|6|-1|-1

2021-01-05 06:04:12,552 INFO PERFORMANCE:|4|6|-1|-1

2021-01-05 06:09:12,554 INFO PERFORMANCE:|4|6|-1|-1

2021-01-05 06:14:12,554 INFO PERFORMANCE:|4|6|-1|-1

2021-01-05 06:19:12,556 INFO PERFORMANCE:|4|6|-1|-1

2021-01-05 06:24:12,556 INFO PERFORMANCE:|4|6|-1|-1

2021-01-05 06:29:12,557 INFO PERFORMANCE:|4|6|-1|-1

2021-01-05 06:34:12,557 INFO PERFORMANCE:|4|6|-1|-1

2021-01-05 06:39:12,559 INFO PERFORMANCE:|4|6|-1|-1

2021-01-05 06:44:12,560 INFO PERFORMANCE:|4|6|-1|-1

2021-01-05 06:49:12,562 INFO PERFORMANCE:|4|6|-1|-1

2021-01-05 06:54:12,564 INFO PERFORMANCE:|4|6|-1|-1

2021-01-05 06:59:12,564 INFO PERFORMANCE:|4|6|-1|-1

2021-01-05 07:04:12,566 INFO PERFORMANCE:|4|6|-1|-1

2021-01-05 07:09:12,568 INFO PERFORMANCE:|4|6|-1|-1

2021-01-05 07:14:12,570 INFO PERFORMANCE:|4|6|-1|-1

2021-01-05 07:19:12,571 INFO PERFORMANCE:|4|6|-1|-1

2021-01-05 07:24:12,572 INFO PERFORMANCE:|4|6|-1|-1

2021-01-05 07:29:12,573 INFO PERFORMANCE:|4|6|-1|-1

2021-01-05 07:34:12,574 INFO PERFORMANCE:|4|6|-1|-1

2021-01-05 07:39:12,576 INFO PERFORMANCE:|4|6|-1|-1

2021-01-05 07:44:12,576 INFO PERFORMANCE:|4|6|-1|-1

2021-01-05 07:49:12,577 INFO PERFORMANCE:|4|6|-1|-1

2021-01-05 07:54:12,577 INFO PERFORMANCE:|4|6|-1|-1

2021-01-05 07:59:12,578 INFO PERFORMANCE:|4|6|-1|-1

2021-01-05 08:04:12,579 INFO PERFORMANCE:|4|6|-1|-1

2021-01-05 08:09:12,580 INFO PERFORMANCE:|4|6|-1|-1

2021-01-05 08:14:12,581 INFO PERFORMANCE:|4|6|-1|-1

2021-01-05 08:19:12,582 INFO PERFORMANCE:|4|6|-1|-1

2021-01-05 08:24:12,583 INFO PERFORMANCE:|4|6|-1|-1

2021-01-05 08:29:12,583 INFO PERFORMANCE:|4|6|-1|-1

2021-01-05 08:34:12,584 INFO PERFORMANCE:|4|6|-1|-1

2021-01-05 08:39:12,585 INFO PERFORMANCE:|4|6|-1|-1

2021-01-05 08:44:12,585 INFO PERFORMANCE:|4|6|-1|-1

2021-01-05 08:49:12,586 INFO PERFORMANCE:|4|6|-1|-1

2021-01-05 08:54:12,587 INFO PERFORMANCE:|4|6|-1|-1

2021-01-05 08:59:12,587 INFO PERFORMANCE:|4|6|-1|-1

2021-01-05 09:04:12,588 INFO PERFORMANCE:|4|6|-1|-1

2021-01-05 09:09:12,589 INFO PERFORMANCE:|4|6|-1|-1

2021-01-05 09:14:12,590 INFO PERFORMANCE:|4|6|-1|-1

2021-01-05 09:19:12,591 INFO PERFORMANCE:|4|6|-1|-1

2021-01-05 09:24:12,593 INFO PERFORMANCE:|4|6|-1|-1

2021-01-05 09:29:12,594 INFO PERFORMANCE:|4|6|-1|-1

2021-01-05 09:34:12,595 INFO PERFORMANCE:|4|6|-1|-1

2021-01-05 09:39:12,597 INFO PERFORMANCE:|4|6|-1|-1

2021-01-05 09:44:12,597 INFO PERFORMANCE:|4|6|-1|-1

2021-01-05 09:49:12,598 INFO PERFORMANCE:|4|6|-1|-1

2021-01-05 09:54:12,600 INFO PERFORMANCE:|4|6|-1|-1

2021-01-05 09:59:12,601 INFO PERFORMANCE:|4|6|-1|-1

2021-01-05 10:04:12,603 INFO PERFORMANCE:|4|6|-1|-1

2021-01-05 10:09:12,603 INFO PERFORMANCE:|4|6|-1|-1

2021-01-05 10:14:12,603 INFO PERFORMANCE:|4|6|-1|-1

2021-01-05 10:19:12,605 INFO PERFORMANCE:|4|6|-1|-1

2021-01-05 10:24:12,605 INFO PERFORMANCE:|4|6|-1|-1

2021-01-05 10:29:12,607 INFO PERFORMANCE:|3|5|-1|-1

2021-01-05 10:34:12,607 INFO PERFORMANCE:|3|5|-1|-1

2021-01-05 10:39:12,609 INFO PERFORMANCE:|3|5|-1|-1

2021-01-05 10:44:12,610 INFO PERFORMANCE:|3|5|-1|-1

2021-01-05 10:49:12,611 INFO PERFORMANCE:|3|5|-1|-1

2021-01-05 10:54:12,613 INFO PERFORMANCE:|3|5|-1|-1

2021-01-05 10:59:12,614 INFO PERFORMANCE:|3|5|-1|-1

2021-01-05 11:04:12,616 INFO PERFORMANCE:|3|5|-1|-1

2021-01-05 11:09:12,616 INFO PERFORMANCE:|4|6|-1|-1

2021-01-05 11:14:12,618 INFO PERFORMANCE:|4|6|-1|-1

2021-01-05 11:19:12,619 INFO PERFORMANCE:|4|6|-1|-1

2021-01-05 11:24:12,620 INFO PERFORMANCE:|4|6|-1|-1

